09-Mar-2021 16:06:22.050 정보 [main] org.apache.catalina.startup.VersionLoggerListener.log 서버 버전 이름:    Apache Tomcat/8.5.63
09-Mar-2021 16:06:22.050 정보 [main] org.apache.catalina.startup.VersionLoggerListener.log Server 빌드 시각:  Jan 29 2021 11:21:49 UTC
09-Mar-2021 16:06:22.050 정보 [main] org.apache.catalina.startup.VersionLoggerListener.log Server 버전 번호:  8.5.63.0
09-Mar-2021 16:06:22.050 정보 [main] org.apache.catalina.startup.VersionLoggerListener.log 운영체제 이름:     Windows 10
09-Mar-2021 16:06:22.050 정보 [main] org.apache.catalina.startup.VersionLoggerListener.log 운영체제 버전:     10.0
09-Mar-2021 16:06:22.050 정보 [main] org.apache.catalina.startup.VersionLoggerListener.log 아키텍처:          amd64
09-Mar-2021 16:06:22.050 정보 [main] org.apache.catalina.startup.VersionLoggerListener.log 자바 홈:           D:\B_Util\2.Java\JDK1.8\jre
09-Mar-2021 16:06:22.050 정보 [main] org.apache.catalina.startup.VersionLoggerListener.log JVM 버전:          1.8.0_121-b13
09-Mar-2021 16:06:22.050 정보 [main] org.apache.catalina.startup.VersionLoggerListener.log JVM 벤더:          Oracle Corporation
09-Mar-2021 16:06:22.050 정보 [main] org.apache.catalina.startup.VersionLoggerListener.log CATALINA_BASE:     D:\B_Util\5.ApacheTomcat\apache-tomcat-8.5.63
09-Mar-2021 16:06:22.050 정보 [main] org.apache.catalina.startup.VersionLoggerListener.log CATALINA_HOME:     D:\B_Util\5.ApacheTomcat\apache-tomcat-8.5.63
09-Mar-2021 16:06:22.050 정보 [main] org.apache.catalina.startup.VersionLoggerListener.log 명령 행 아규먼트:  -Djava.util.logging.config.file=D:\B_Util\5.ApacheTomcat\apache-tomcat-8.5.63\conf\logging.properties
09-Mar-2021 16:06:22.050 정보 [main] org.apache.catalina.startup.VersionLoggerListener.log 명령 행 아규먼트:  -Djava.util.logging.manager=org.apache.juli.ClassLoaderLogManager
09-Mar-2021 16:06:22.050 정보 [main] org.apache.catalina.startup.VersionLoggerListener.log 명령 행 아규먼트:  -Djdk.tls.ephemeralDHKeySize=2048
09-Mar-2021 16:06:22.050 정보 [main] org.apache.catalina.startup.VersionLoggerListener.log 명령 행 아규먼트:  -Djava.protocol.handler.pkgs=org.apache.catalina.webresources
09-Mar-2021 16:06:22.050 정보 [main] org.apache.catalina.startup.VersionLoggerListener.log 명령 행 아규먼트:  -Dignore.endorsed.dirs=
09-Mar-2021 16:06:22.050 정보 [main] org.apache.catalina.startup.VersionLoggerListener.log 명령 행 아규먼트:  -Dcatalina.base=D:\B_Util\5.ApacheTomcat\apache-tomcat-8.5.63
09-Mar-2021 16:06:22.050 정보 [main] org.apache.catalina.startup.VersionLoggerListener.log 명령 행 아규먼트:  -Dcatalina.home=D:\B_Util\5.ApacheTomcat\apache-tomcat-8.5.63
09-Mar-2021 16:06:22.050 정보 [main] org.apache.catalina.startup.VersionLoggerListener.log 명령 행 아규먼트:  -Djava.io.tmpdir=D:\B_Util\5.ApacheTomcat\apache-tomcat-8.5.63\temp
09-Mar-2021 16:06:22.050 정보 [main] org.apache.catalina.core.AprLifecycleListener.lifecycleEvent 프로덕션 환경들에서 최적의 성능을 제공하는, APR 기반 Apache Tomcat Native 라이브러리가, 다음 java.library.path에서 발견되지 않습니다: [D:\B_Util\2.Java\JDK1.8\bin;C:\WINDOWS\Sun\Java\bin;C:\WINDOWS\system32;C:\WINDOWS;D:\anaconda3;D:\anaconda3\Library\mingw-w64\bin;D:\anaconda3\Library\usr\bin;D:\anaconda3\Library\bin;D:\anaconda3\Scripts;D:\B_Util\4.Oracle\appClient;D:\B_Util\4.Oracle\app\oracle\product\11.2.0\server\bin;C:\WINDOWS\system32;C:\WINDOWS;C:\WINDOWS\System32\Wbem;C:\WINDOWS\System32\WindowsPowerShell\v1.0\;C:\WINDOWS\System32\OpenSSH\;D:\B_Util\2.Java\JDK1.8\bin;C:\Program Files\PuTTY\;C:\Program Files\TortoiseSVN\bin;C:\Users\PC-04\AppData\Local\Microsoft\WindowsApps;C:\Program Files\Bandizip\;C:\Users\PC-04\AppData\Local\Programs\Microsoft VS Code\bin;.]
09-Mar-2021 16:06:22.174 정보 [main] org.apache.coyote.AbstractProtocol.init 프로토콜 핸들러 ["http-nio-8080"]을(를) 초기화합니다.
09-Mar-2021 16:06:22.181 심각 [main] org.apache.catalina.core.StandardService.initInternal Failed to initialize connector [Connector[HTTP/1.1-8080]]
	org.apache.catalina.LifecycleException: 프로토콜 핸들러 초기화가 실패했습니다.
		at org.apache.catalina.connector.Connector.initInternal(Connector.java:1077)
		at org.apache.catalina.util.LifecycleBase.init(LifecycleBase.java:136)
		at org.apache.catalina.core.StandardService.initInternal(StandardService.java:552)
		at org.apache.catalina.util.LifecycleBase.init(LifecycleBase.java:136)
		at org.apache.catalina.core.StandardServer.initInternal(StandardServer.java:846)
		at org.apache.catalina.util.LifecycleBase.init(LifecycleBase.java:136)
		at org.apache.catalina.startup.Catalina.load(Catalina.java:639)
		at org.apache.catalina.startup.Catalina.load(Catalina.java:662)
		at sun.reflect.NativeMethodAccessorImpl.invoke0(Native Method)
		at sun.reflect.NativeMethodAccessorImpl.invoke(NativeMethodAccessorImpl.java:62)
		at sun.reflect.DelegatingMethodAccessorImpl.invoke(DelegatingMethodAccessorImpl.java:43)
		at java.lang.reflect.Method.invoke(Method.java:498)
		at org.apache.catalina.startup.Bootstrap.load(Bootstrap.java:302)
		at org.apache.catalina.startup.Bootstrap.main(Bootstrap.java:472)
	Caused by: java.net.BindException: Address already in use: bind
		at sun.nio.ch.Net.bind0(Native Method)
		at sun.nio.ch.Net.bind(Net.java:433)
		at sun.nio.ch.Net.bind(Net.java:425)
		at sun.nio.ch.ServerSocketChannelImpl.bind(ServerSocketChannelImpl.java:223)
		at sun.nio.ch.ServerSocketAdaptor.bind(ServerSocketAdaptor.java:74)
		at org.apache.tomcat.util.net.NioEndpoint.bind(NioEndpoint.java:222)
		at org.apache.tomcat.util.net.AbstractEndpoint.init(AbstractEndpoint.java:1143)
		at org.apache.tomcat.util.net.AbstractJsseEndpoint.init(AbstractJsseEndpoint.java:222)
		at org.apache.coyote.AbstractProtocol.init(AbstractProtocol.java:599)
		at org.apache.coyote.http11.AbstractHttp11Protocol.init(AbstractHttp11Protocol.java:80)
		at org.apache.catalina.connector.Connector.initInternal(Connector.java:1075)
		... 13 more
09-Mar-2021 16:06:22.182 정보 [main] org.apache.catalina.startup.Catalina.load Initialization processed in 403 ms
09-Mar-2021 16:06:22.205 정보 [main] org.apache.catalina.core.StandardService.startInternal 서비스 [Catalina]을(를) 시작합니다.
09-Mar-2021 16:06:22.207 정보 [main] org.apache.catalina.core.StandardEngine.startInternal Starting Servlet Engine: Apache Tomcat/8.5.63
09-Mar-2021 16:06:22.211 정보 [localhost-startStop-1] org.apache.catalina.startup.HostConfig.deployDirectory 웹 애플리케이션 디렉토리 [D:\B_Util\5.ApacheTomcat\apache-tomcat-8.5.63\webapps\docs]을(를) 배치합니다.
09-Mar-2021 16:06:22.411 정보 [localhost-startStop-1] org.apache.catalina.startup.HostConfig.deployDirectory 웹 애플리케이션 디렉토리 [D:\B_Util\5.ApacheTomcat\apache-tomcat-8.5.63\webapps\docs]에 대한 배치가 [199] 밀리초에 완료되었습니다.
09-Mar-2021 16:06:22.414 정보 [localhost-startStop-1] org.apache.catalina.startup.HostConfig.deployDirectory 웹 애플리케이션 디렉토리 [D:\B_Util\5.ApacheTomcat\apache-tomcat-8.5.63\webapps\examples]을(를) 배치합니다.
09-Mar-2021 16:06:22.552 정보 [localhost-startStop-1] org.apache.catalina.startup.HostConfig.deployDirectory 웹 애플리케이션 디렉토리 [D:\B_Util\5.ApacheTomcat\apache-tomcat-8.5.63\webapps\examples]에 대한 배치가 [138] 밀리초에 완료되었습니다.
09-Mar-2021 16:06:22.552 정보 [localhost-startStop-1] org.apache.catalina.startup.HostConfig.deployDirectory 웹 애플리케이션 디렉토리 [D:\B_Util\5.ApacheTomcat\apache-tomcat-8.5.63\webapps\host-manager]을(를) 배치합니다.
09-Mar-2021 16:06:22.568 정보 [localhost-startStop-1] org.apache.catalina.startup.HostConfig.deployDirectory 웹 애플리케이션 디렉토리 [D:\B_Util\5.ApacheTomcat\apache-tomcat-8.5.63\webapps\host-manager]에 대한 배치가 [16] 밀리초에 완료되었습니다.
09-Mar-2021 16:06:22.568 정보 [localhost-startStop-1] org.apache.catalina.startup.HostConfig.deployDirectory 웹 애플리케이션 디렉토리 [D:\B_Util\5.ApacheTomcat\apache-tomcat-8.5.63\webapps\manager]을(를) 배치합니다.
09-Mar-2021 16:06:22.568 정보 [localhost-startStop-1] org.apache.catalina.startup.HostConfig.deployDirectory 웹 애플리케이션 디렉토리 [D:\B_Util\5.ApacheTomcat\apache-tomcat-8.5.63\webapps\manager]에 대한 배치가 [0] 밀리초에 완료되었습니다.
09-Mar-2021 16:06:22.568 정보 [localhost-startStop-1] org.apache.catalina.startup.HostConfig.deployDirectory 웹 애플리케이션 디렉토리 [D:\B_Util\5.ApacheTomcat\apache-tomcat-8.5.63\webapps\ROOT]을(를) 배치합니다.
09-Mar-2021 16:06:22.584 정보 [localhost-startStop-1] org.apache.catalina.startup.HostConfig.deployDirectory 웹 애플리케이션 디렉토리 [D:\B_Util\5.ApacheTomcat\apache-tomcat-8.5.63\webapps\ROOT]에 대한 배치가 [16] 밀리초에 완료되었습니다.
09-Mar-2021 16:06:22.584 정보 [main] org.apache.catalina.startup.Catalina.start Server startup in 408 ms
09-Mar-2021 16:10:53.841 심각 [main] org.apache.catalina.startup.Catalina.stopServer Could not contact [localhost:8005]. Tomcat may not be running.
09-Mar-2021 16:10:53.841 심각 [main] org.apache.catalina.startup.Catalina.stopServer Catalina.stop: 
	java.net.ConnectException: Connection refused: connect
		at java.net.DualStackPlainSocketImpl.connect0(Native Method)
		at java.net.DualStackPlainSocketImpl.socketConnect(DualStackPlainSocketImpl.java:79)
		at java.net.AbstractPlainSocketImpl.doConnect(AbstractPlainSocketImpl.java:350)
		at java.net.AbstractPlainSocketImpl.connectToAddress(AbstractPlainSocketImpl.java:206)
		at java.net.AbstractPlainSocketImpl.connect(AbstractPlainSocketImpl.java:188)
		at java.net.PlainSocketImpl.connect(PlainSocketImpl.java:172)
		at java.net.SocksSocketImpl.connect(SocksSocketImpl.java:392)
		at java.net.Socket.connect(Socket.java:589)
		at java.net.Socket.connect(Socket.java:538)
		at java.net.Socket.<init>(Socket.java:434)
		at java.net.Socket.<init>(Socket.java:211)
		at org.apache.catalina.startup.Catalina.stopServer(Catalina.java:504)
		at sun.reflect.NativeMethodAccessorImpl.invoke0(Native Method)
		at sun.reflect.NativeMethodAccessorImpl.invoke(NativeMethodAccessorImpl.java:62)
		at sun.reflect.DelegatingMethodAccessorImpl.invoke(DelegatingMethodAccessorImpl.java:43)
		at java.lang.reflect.Method.invoke(Method.java:498)
		at org.apache.catalina.startup.Bootstrap.stopServer(Bootstrap.java:388)
		at org.apache.catalina.startup.Bootstrap.main(Bootstrap.java:478)
09-Mar-2021 16:27:27.681 정보 [main] org.apache.catalina.startup.VersionLoggerListener.log 서버 버전 이름:    Apache Tomcat/8.5.63
09-Mar-2021 16:27:27.681 정보 [main] org.apache.catalina.startup.VersionLoggerListener.log Server 빌드 시각:  Jan 29 2021 11:21:49 UTC
09-Mar-2021 16:27:27.681 정보 [main] org.apache.catalina.startup.VersionLoggerListener.log Server 버전 번호:  8.5.63.0
09-Mar-2021 16:27:27.681 정보 [main] org.apache.catalina.startup.VersionLoggerListener.log 운영체제 이름:     Windows 10
09-Mar-2021 16:27:27.681 정보 [main] org.apache.catalina.startup.VersionLoggerListener.log 운영체제 버전:     10.0
09-Mar-2021 16:27:27.681 정보 [main] org.apache.catalina.startup.VersionLoggerListener.log 아키텍처:          amd64
09-Mar-2021 16:27:27.681 정보 [main] org.apache.catalina.startup.VersionLoggerListener.log 자바 홈:           D:\B_Util\2.Java\JDK1.8\jre
09-Mar-2021 16:27:27.681 정보 [main] org.apache.catalina.startup.VersionLoggerListener.log JVM 버전:          1.8.0_121-b13
09-Mar-2021 16:27:27.681 정보 [main] org.apache.catalina.startup.VersionLoggerListener.log JVM 벤더:          Oracle Corporation
09-Mar-2021 16:27:27.681 정보 [main] org.apache.catalina.startup.VersionLoggerListener.log CATALINA_BASE:     D:\B_Util\5.ApacheTomcat\apache-tomcat-8.5.63
09-Mar-2021 16:27:27.681 정보 [main] org.apache.catalina.startup.VersionLoggerListener.log CATALINA_HOME:     D:\B_Util\5.ApacheTomcat\apache-tomcat-8.5.63
09-Mar-2021 16:27:27.681 정보 [main] org.apache.catalina.startup.VersionLoggerListener.log 명령 행 아규먼트:  -Djava.util.logging.config.file=D:\B_Util\5.ApacheTomcat\apache-tomcat-8.5.63\conf\logging.properties
09-Mar-2021 16:27:27.681 정보 [main] org.apache.catalina.startup.VersionLoggerListener.log 명령 행 아규먼트:  -Djava.util.logging.manager=org.apache.juli.ClassLoaderLogManager
09-Mar-2021 16:27:27.681 정보 [main] org.apache.catalina.startup.VersionLoggerListener.log 명령 행 아규먼트:  -Djdk.tls.ephemeralDHKeySize=2048
09-Mar-2021 16:27:27.681 정보 [main] org.apache.catalina.startup.VersionLoggerListener.log 명령 행 아규먼트:  -Djava.protocol.handler.pkgs=org.apache.catalina.webresources
09-Mar-2021 16:27:27.681 정보 [main] org.apache.catalina.startup.VersionLoggerListener.log 명령 행 아규먼트:  -Dignore.endorsed.dirs=
09-Mar-2021 16:27:27.681 정보 [main] org.apache.catalina.startup.VersionLoggerListener.log 명령 행 아규먼트:  -Dcatalina.base=D:\B_Util\5.ApacheTomcat\apache-tomcat-8.5.63
09-Mar-2021 16:27:27.681 정보 [main] org.apache.catalina.startup.VersionLoggerListener.log 명령 행 아규먼트:  -Dcatalina.home=D:\B_Util\5.ApacheTomcat\apache-tomcat-8.5.63
09-Mar-2021 16:27:27.681 정보 [main] org.apache.catalina.startup.VersionLoggerListener.log 명령 행 아규먼트:  -Djava.io.tmpdir=D:\B_Util\5.ApacheTomcat\apache-tomcat-8.5.63\temp
09-Mar-2021 16:27:27.681 정보 [main] org.apache.catalina.core.AprLifecycleListener.lifecycleEvent 프로덕션 환경들에서 최적의 성능을 제공하는, APR 기반 Apache Tomcat Native 라이브러리가, 다음 java.library.path에서 발견되지 않습니다: [D:\B_Util\2.Java\JDK1.8\bin;C:\WINDOWS\Sun\Java\bin;C:\WINDOWS\system32;C:\WINDOWS;D:\anaconda3;D:\anaconda3\Library\mingw-w64\bin;D:\anaconda3\Library\usr\bin;D:\anaconda3\Library\bin;D:\anaconda3\Scripts;D:\B_Util\4.Oracle\appClient;D:\B_Util\4.Oracle\app\oracle\product\11.2.0\server\bin;C:\WINDOWS\system32;C:\WINDOWS;C:\WINDOWS\System32\Wbem;C:\WINDOWS\System32\WindowsPowerShell\v1.0\;C:\WINDOWS\System32\OpenSSH\;D:\B_Util\2.Java\JDK1.8\bin;C:\Program Files\PuTTY\;C:\Program Files\TortoiseSVN\bin;C:\Users\PC-04\AppData\Local\Microsoft\WindowsApps;C:\Program Files\Bandizip\;C:\Users\PC-04\AppData\Local\Programs\Microsoft VS Code\bin;.]
09-Mar-2021 16:27:27.734 정보 [main] org.apache.coyote.AbstractProtocol.init 프로토콜 핸들러 ["http-nio-80"]을(를) 초기화합니다.
09-Mar-2021 16:27:27.866 정보 [main] org.apache.tomcat.util.net.NioSelectorPool.getSharedSelector Using a shared selector for servlet write/read
09-Mar-2021 16:27:27.866 정보 [main] org.apache.catalina.startup.Catalina.load Initialization processed in 388 ms
09-Mar-2021 16:27:27.882 정보 [main] org.apache.catalina.core.StandardService.startInternal 서비스 [Catalina]을(를) 시작합니다.
09-Mar-2021 16:27:27.889 정보 [main] org.apache.catalina.core.StandardEngine.startInternal Starting Servlet Engine: Apache Tomcat/8.5.63
09-Mar-2021 16:27:27.894 정보 [localhost-startStop-1] org.apache.catalina.startup.HostConfig.deployDirectory 웹 애플리케이션 디렉토리 [D:\B_Util\5.ApacheTomcat\apache-tomcat-8.5.63\webapps\docs]을(를) 배치합니다.
09-Mar-2021 16:27:27.997 정보 [localhost-startStop-1] org.apache.catalina.startup.HostConfig.deployDirectory 웹 애플리케이션 디렉토리 [D:\B_Util\5.ApacheTomcat\apache-tomcat-8.5.63\webapps\docs]에 대한 배치가 [103] 밀리초에 완료되었습니다.
09-Mar-2021 16:27:28.013 정보 [localhost-startStop-1] org.apache.catalina.startup.HostConfig.deployDirectory 웹 애플리케이션 디렉토리 [D:\B_Util\5.ApacheTomcat\apache-tomcat-8.5.63\webapps\examples]을(를) 배치합니다.
09-Mar-2021 16:27:28.151 정보 [localhost-startStop-1] org.apache.catalina.startup.HostConfig.deployDirectory 웹 애플리케이션 디렉토리 [D:\B_Util\5.ApacheTomcat\apache-tomcat-8.5.63\webapps\examples]에 대한 배치가 [138] 밀리초에 완료되었습니다.
09-Mar-2021 16:27:28.151 정보 [localhost-startStop-1] org.apache.catalina.startup.HostConfig.deployDirectory 웹 애플리케이션 디렉토리 [D:\B_Util\5.ApacheTomcat\apache-tomcat-8.5.63\webapps\host-manager]을(를) 배치합니다.
09-Mar-2021 16:27:28.167 정보 [localhost-startStop-1] org.apache.catalina.startup.HostConfig.deployDirectory 웹 애플리케이션 디렉토리 [D:\B_Util\5.ApacheTomcat\apache-tomcat-8.5.63\webapps\host-manager]에 대한 배치가 [16] 밀리초에 완료되었습니다.
09-Mar-2021 16:27:28.167 정보 [localhost-startStop-1] org.apache.catalina.startup.HostConfig.deployDirectory 웹 애플리케이션 디렉토리 [D:\B_Util\5.ApacheTomcat\apache-tomcat-8.5.63\webapps\manager]을(를) 배치합니다.
09-Mar-2021 16:27:28.167 정보 [localhost-startStop-1] org.apache.catalina.startup.HostConfig.deployDirectory 웹 애플리케이션 디렉토리 [D:\B_Util\5.ApacheTomcat\apache-tomcat-8.5.63\webapps\manager]에 대한 배치가 [0] 밀리초에 완료되었습니다.
09-Mar-2021 16:27:28.167 정보 [localhost-startStop-1] org.apache.catalina.startup.HostConfig.deployDirectory 웹 애플리케이션 디렉토리 [D:\B_Util\5.ApacheTomcat\apache-tomcat-8.5.63\webapps\ROOT]을(를) 배치합니다.
09-Mar-2021 16:27:28.182 정보 [localhost-startStop-1] org.apache.catalina.startup.HostConfig.deployDirectory 웹 애플리케이션 디렉토리 [D:\B_Util\5.ApacheTomcat\apache-tomcat-8.5.63\webapps\ROOT]에 대한 배치가 [15] 밀리초에 완료되었습니다.
09-Mar-2021 16:27:28.182 정보 [main] org.apache.coyote.AbstractProtocol.start 프로토콜 핸들러 ["http-nio-80"]을(를) 시작합니다.
09-Mar-2021 16:27:28.182 정보 [main] org.apache.catalina.startup.Catalina.start Server startup in 321 ms
09-Mar-2021 17:10:19.595 정보 [localhost-startStop-2] org.apache.catalina.startup.HostConfig.deployDirectory 웹 애플리케이션 디렉토리 [D:\B_Util\5.ApacheTomcat\apache-tomcat-8.5.63\webapps\first]을(를) 배치합니다.
09-Mar-2021 17:12:24.243 정보 [main] org.apache.catalina.core.StandardServer.await 셧다운 포트를 통해 유효한 셧다운 명령을 받았습니다. 서버 인스턴스를 중지시킵니다.
09-Mar-2021 17:12:29.414 정보 [main] org.apache.catalina.startup.VersionLoggerListener.log 서버 버전 이름:    Apache Tomcat/8.5.63
09-Mar-2021 17:12:29.414 정보 [main] org.apache.catalina.startup.VersionLoggerListener.log Server 빌드 시각:  Jan 29 2021 11:21:49 UTC
09-Mar-2021 17:12:29.414 정보 [main] org.apache.catalina.startup.VersionLoggerListener.log Server 버전 번호:  8.5.63.0
09-Mar-2021 17:12:29.414 정보 [main] org.apache.catalina.startup.VersionLoggerListener.log 운영체제 이름:     Windows 10
09-Mar-2021 17:12:29.414 정보 [main] org.apache.catalina.startup.VersionLoggerListener.log 운영체제 버전:     10.0
09-Mar-2021 17:12:29.414 정보 [main] org.apache.catalina.startup.VersionLoggerListener.log 아키텍처:          amd64
09-Mar-2021 17:12:29.414 정보 [main] org.apache.catalina.startup.VersionLoggerListener.log 자바 홈:           D:\B_Util\2.Java\JDK1.8\jre
09-Mar-2021 17:12:29.414 정보 [main] org.apache.catalina.startup.VersionLoggerListener.log JVM 버전:          1.8.0_121-b13
09-Mar-2021 17:12:29.414 정보 [main] org.apache.catalina.startup.VersionLoggerListener.log JVM 벤더:          Oracle Corporation
09-Mar-2021 17:12:29.414 정보 [main] org.apache.catalina.startup.VersionLoggerListener.log CATALINA_BASE:     D:\B_Util\5.ApacheTomcat\apache-tomcat-8.5.63
09-Mar-2021 17:12:29.414 정보 [main] org.apache.catalina.startup.VersionLoggerListener.log CATALINA_HOME:     D:\B_Util\5.ApacheTomcat\apache-tomcat-8.5.63
09-Mar-2021 17:12:29.414 정보 [main] org.apache.catalina.startup.VersionLoggerListener.log 명령 행 아규먼트:  -Djava.util.logging.config.file=D:\B_Util\5.ApacheTomcat\apache-tomcat-8.5.63\conf\logging.properties
09-Mar-2021 17:12:29.414 정보 [main] org.apache.catalina.startup.VersionLoggerListener.log 명령 행 아규먼트:  -Djava.util.logging.manager=org.apache.juli.ClassLoaderLogManager
09-Mar-2021 17:12:29.414 정보 [main] org.apache.catalina.startup.VersionLoggerListener.log 명령 행 아규먼트:  -Djdk.tls.ephemeralDHKeySize=2048
09-Mar-2021 17:12:29.414 정보 [main] org.apache.catalina.startup.VersionLoggerListener.log 명령 행 아규먼트:  -Djava.protocol.handler.pkgs=org.apache.catalina.webresources
09-Mar-2021 17:12:29.414 정보 [main] org.apache.catalina.startup.VersionLoggerListener.log 명령 행 아규먼트:  -Dignore.endorsed.dirs=
09-Mar-2021 17:12:29.414 정보 [main] org.apache.catalina.startup.VersionLoggerListener.log 명령 행 아규먼트:  -Dcatalina.base=D:\B_Util\5.ApacheTomcat\apache-tomcat-8.5.63
09-Mar-2021 17:12:29.414 정보 [main] org.apache.catalina.startup.VersionLoggerListener.log 명령 행 아규먼트:  -Dcatalina.home=D:\B_Util\5.ApacheTomcat\apache-tomcat-8.5.63
09-Mar-2021 17:12:29.414 정보 [main] org.apache.catalina.startup.VersionLoggerListener.log 명령 행 아규먼트:  -Djava.io.tmpdir=D:\B_Util\5.ApacheTomcat\apache-tomcat-8.5.63\temp
09-Mar-2021 17:12:29.414 정보 [main] org.apache.catalina.core.AprLifecycleListener.lifecycleEvent 프로덕션 환경들에서 최적의 성능을 제공하는, APR 기반 Apache Tomcat Native 라이브러리가, 다음 java.library.path에서 발견되지 않습니다: [D:\B_Util\2.Java\JDK1.8\bin;C:\WINDOWS\Sun\Java\bin;C:\WINDOWS\system32;C:\WINDOWS;D:\anaconda3;D:\anaconda3\Library\mingw-w64\bin;D:\anaconda3\Library\usr\bin;D:\anaconda3\Library\bin;D:\anaconda3\Scripts;D:\B_Util\4.Oracle\appClient;D:\B_Util\4.Oracle\app\oracle\product\11.2.0\server\bin;C:\WINDOWS\system32;C:\WINDOWS;C:\WINDOWS\System32\Wbem;C:\WINDOWS\System32\WindowsPowerShell\v1.0\;C:\WINDOWS\System32\OpenSSH\;D:\B_Util\2.Java\JDK1.8\bin;C:\Program Files\PuTTY\;C:\Program Files\TortoiseSVN\bin;C:\Users\PC-04\AppData\Local\Microsoft\WindowsApps;C:\Program Files\Bandizip\;C:\Users\PC-04\AppData\Local\Programs\Microsoft VS Code\bin;.]
09-Mar-2021 17:12:29.477 정보 [main] org.apache.coyote.AbstractProtocol.init 프로토콜 핸들러 ["http-nio-80"]을(를) 초기화합니다.
09-Mar-2021 17:12:29.477 심각 [main] org.apache.catalina.core.StandardService.initInternal Failed to initialize connector [Connector[HTTP/1.1-80]]
	org.apache.catalina.LifecycleException: 프로토콜 핸들러 초기화가 실패했습니다.
		at org.apache.catalina.connector.Connector.initInternal(Connector.java:1077)
		at org.apache.catalina.util.LifecycleBase.init(LifecycleBase.java:136)
		at org.apache.catalina.core.StandardService.initInternal(StandardService.java:552)
		at org.apache.catalina.util.LifecycleBase.init(LifecycleBase.java:136)
		at org.apache.catalina.core.StandardServer.initInternal(StandardServer.java:846)
		at org.apache.catalina.util.LifecycleBase.init(LifecycleBase.java:136)
		at org.apache.catalina.startup.Catalina.load(Catalina.java:639)
		at org.apache.catalina.startup.Catalina.load(Catalina.java:662)
		at sun.reflect.NativeMethodAccessorImpl.invoke0(Native Method)
		at sun.reflect.NativeMethodAccessorImpl.invoke(NativeMethodAccessorImpl.java:62)
		at sun.reflect.DelegatingMethodAccessorImpl.invoke(DelegatingMethodAccessorImpl.java:43)
		at java.lang.reflect.Method.invoke(Method.java:498)
		at org.apache.catalina.startup.Bootstrap.load(Bootstrap.java:302)
		at org.apache.catalina.startup.Bootstrap.main(Bootstrap.java:472)
	Caused by: java.net.BindException: Address already in use: bind
		at sun.nio.ch.Net.bind0(Native Method)
		at sun.nio.ch.Net.bind(Net.java:433)
		at sun.nio.ch.Net.bind(Net.java:425)
		at sun.nio.ch.ServerSocketChannelImpl.bind(ServerSocketChannelImpl.java:223)
		at sun.nio.ch.ServerSocketAdaptor.bind(ServerSocketAdaptor.java:74)
		at org.apache.tomcat.util.net.NioEndpoint.bind(NioEndpoint.java:222)
		at org.apache.tomcat.util.net.AbstractEndpoint.init(AbstractEndpoint.java:1143)
		at org.apache.tomcat.util.net.AbstractJsseEndpoint.init(AbstractJsseEndpoint.java:222)
		at org.apache.coyote.AbstractProtocol.init(AbstractProtocol.java:599)
		at org.apache.coyote.http11.AbstractHttp11Protocol.init(AbstractHttp11Protocol.java:80)
		at org.apache.catalina.connector.Connector.initInternal(Connector.java:1075)
		... 13 more
09-Mar-2021 17:12:29.477 정보 [main] org.apache.catalina.startup.Catalina.load Initialization processed in 266 ms
09-Mar-2021 17:12:29.499 정보 [main] org.apache.catalina.core.StandardService.startInternal 서비스 [Catalina]을(를) 시작합니다.
09-Mar-2021 17:12:29.499 정보 [main] org.apache.catalina.core.StandardEngine.startInternal Starting Servlet Engine: Apache Tomcat/8.5.63
09-Mar-2021 17:12:29.499 정보 [localhost-startStop-1] org.apache.catalina.startup.HostConfig.deployDirectory 웹 애플리케이션 디렉토리 [D:\B_Util\5.ApacheTomcat\apache-tomcat-8.5.63\webapps\docs]을(를) 배치합니다.
09-Mar-2021 17:12:29.700 정보 [localhost-startStop-1] org.apache.catalina.startup.HostConfig.deployDirectory 웹 애플리케이션 디렉토리 [D:\B_Util\5.ApacheTomcat\apache-tomcat-8.5.63\webapps\docs]에 대한 배치가 [201] 밀리초에 완료되었습니다.
09-Mar-2021 17:12:29.700 정보 [localhost-startStop-1] org.apache.catalina.startup.HostConfig.deployDirectory 웹 애플리케이션 디렉토리 [D:\B_Util\5.ApacheTomcat\apache-tomcat-8.5.63\webapps\examples]을(를) 배치합니다.
09-Mar-2021 17:12:29.847 정보 [localhost-startStop-1] org.apache.catalina.startup.HostConfig.deployDirectory 웹 애플리케이션 디렉토리 [D:\B_Util\5.ApacheTomcat\apache-tomcat-8.5.63\webapps\examples]에 대한 배치가 [147] 밀리초에 완료되었습니다.
09-Mar-2021 17:12:29.847 정보 [localhost-startStop-1] org.apache.catalina.startup.HostConfig.deployDirectory 웹 애플리케이션 디렉토리 [D:\B_Util\5.ApacheTomcat\apache-tomcat-8.5.63\webapps\first]을(를) 배치합니다.
09-Mar-2021 17:12:29.847 정보 [localhost-startStop-1] org.apache.catalina.startup.HostConfig.deployDirectory 웹 애플리케이션 디렉토리 [D:\B_Util\5.ApacheTomcat\apache-tomcat-8.5.63\webapps\first]에 대한 배치가 [0] 밀리초에 완료되었습니다.
09-Mar-2021 17:12:29.862 정보 [localhost-startStop-1] org.apache.catalina.startup.HostConfig.deployDirectory 웹 애플리케이션 디렉토리 [D:\B_Util\5.ApacheTomcat\apache-tomcat-8.5.63\webapps\host-manager]을(를) 배치합니다.
09-Mar-2021 17:12:29.862 정보 [localhost-startStop-1] org.apache.catalina.startup.HostConfig.deployDirectory 웹 애플리케이션 디렉토리 [D:\B_Util\5.ApacheTomcat\apache-tomcat-8.5.63\webapps\host-manager]에 대한 배치가 [0] 밀리초에 완료되었습니다.
09-Mar-2021 17:12:29.862 정보 [localhost-startStop-1] org.apache.catalina.startup.HostConfig.deployDirectory 웹 애플리케이션 디렉토리 [D:\B_Util\5.ApacheTomcat\apache-tomcat-8.5.63\webapps\manager]을(를) 배치합니다.
09-Mar-2021 17:12:29.878 정보 [localhost-startStop-1] org.apache.catalina.startup.HostConfig.deployDirectory 웹 애플리케이션 디렉토리 [D:\B_Util\5.ApacheTomcat\apache-tomcat-8.5.63\webapps\manager]에 대한 배치가 [16] 밀리초에 완료되었습니다.
09-Mar-2021 17:12:29.878 정보 [localhost-startStop-1] org.apache.catalina.startup.HostConfig.deployDirectory 웹 애플리케이션 디렉토리 [D:\B_Util\5.ApacheTomcat\apache-tomcat-8.5.63\webapps\ROOT]을(를) 배치합니다.
09-Mar-2021 17:12:29.894 정보 [localhost-startStop-1] org.apache.catalina.startup.HostConfig.deployDirectory 웹 애플리케이션 디렉토리 [D:\B_Util\5.ApacheTomcat\apache-tomcat-8.5.63\webapps\ROOT]에 대한 배치가 [16] 밀리초에 완료되었습니다.
09-Mar-2021 17:12:29.894 정보 [main] org.apache.catalina.startup.Catalina.start Server startup in 404 ms
09-Mar-2021 17:12:29.894 심각 [main] org.apache.catalina.core.StandardServer.await StandardServer.await: create[localhost:8005]: 
	java.net.BindException: Address already in use: JVM_Bind
		at java.net.DualStackPlainSocketImpl.bind0(Native Method)
		at java.net.DualStackPlainSocketImpl.socketBind(DualStackPlainSocketImpl.java:106)
		at java.net.AbstractPlainSocketImpl.bind(AbstractPlainSocketImpl.java:387)
		at java.net.PlainSocketImpl.bind(PlainSocketImpl.java:190)
		at java.net.ServerSocket.bind(ServerSocket.java:375)
		at java.net.ServerSocket.<init>(ServerSocket.java:237)
		at org.apache.catalina.core.StandardServer.await(StandardServer.java:421)
		at org.apache.catalina.startup.Catalina.await(Catalina.java:776)
		at org.apache.catalina.startup.Catalina.start(Catalina.java:722)
		at sun.reflect.NativeMethodAccessorImpl.invoke0(Native Method)
		at sun.reflect.NativeMethodAccessorImpl.invoke(NativeMethodAccessorImpl.java:62)
		at sun.reflect.DelegatingMethodAccessorImpl.invoke(DelegatingMethodAccessorImpl.java:43)
		at java.lang.reflect.Method.invoke(Method.java:498)
		at org.apache.catalina.startup.Bootstrap.start(Bootstrap.java:342)
		at org.apache.catalina.startup.Bootstrap.main(Bootstrap.java:473)
09-Mar-2021 17:12:29.894 정보 [main] org.apache.coyote.AbstractProtocol.pause 프로토콜 핸들러 ["http-nio-80"]을(를) 일시 정지 중
09-Mar-2021 17:12:29.894 정보 [main] org.apache.catalina.core.StandardService.stopInternal 서비스 [Catalina]을(를) 중지시킵니다.
09-Mar-2021 17:12:29.900 정보 [main] org.apache.coyote.AbstractProtocol.stop 프로토콜 핸들러 ["http-nio-80"]을(를) 중지시킵니다.
09-Mar-2021 17:12:29.900 정보 [main] org.apache.coyote.AbstractProtocol.destroy 프로토콜 핸들러 ["http-nio-80"]을(를) 소멸시킵니다.
09-Mar-2021 17:21:38.019 정보 [main] org.apache.coyote.AbstractProtocol.pause 프로토콜 핸들러 ["http-nio-80"]을(를) 일시 정지 중
09-Mar-2021 17:21:38.019 정보 [localhost-startStop-2] org.apache.catalina.startup.HostConfig.deployDirectory 웹 애플리케이션 디렉토리 [D:\B_Util\5.ApacheTomcat\apache-tomcat-8.5.63\webapps\first]에 대한 배치가 [678,424] 밀리초에 완료되었습니다.
09-Mar-2021 17:21:38.099 정보 [main] org.apache.catalina.core.StandardService.stopInternal 서비스 [Catalina]을(를) 중지시킵니다.
09-Mar-2021 17:21:38.104 정보 [main] org.apache.coyote.AbstractProtocol.stop 프로토콜 핸들러 ["http-nio-80"]을(를) 중지시킵니다.
09-Mar-2021 17:21:38.104 정보 [main] org.apache.coyote.AbstractProtocol.destroy 프로토콜 핸들러 ["http-nio-80"]을(를) 소멸시킵니다.
09-Mar-2021 17:22:37.303 정보 [main] org.apache.catalina.startup.VersionLoggerListener.log 서버 버전 이름:    Apache Tomcat/8.5.63
09-Mar-2021 17:22:37.303 정보 [main] org.apache.catalina.startup.VersionLoggerListener.log Server 빌드 시각:  Jan 29 2021 11:21:49 UTC
09-Mar-2021 17:22:37.303 정보 [main] org.apache.catalina.startup.VersionLoggerListener.log Server 버전 번호:  8.5.63.0
09-Mar-2021 17:22:37.303 정보 [main] org.apache.catalina.startup.VersionLoggerListener.log 운영체제 이름:     Windows 10
09-Mar-2021 17:22:37.303 정보 [main] org.apache.catalina.startup.VersionLoggerListener.log 운영체제 버전:     10.0
09-Mar-2021 17:22:37.303 정보 [main] org.apache.catalina.startup.VersionLoggerListener.log 아키텍처:          amd64
09-Mar-2021 17:22:37.303 정보 [main] org.apache.catalina.startup.VersionLoggerListener.log 자바 홈:           D:\B_Util\2.Java\JDK1.8\jre
09-Mar-2021 17:22:37.303 정보 [main] org.apache.catalina.startup.VersionLoggerListener.log JVM 버전:          1.8.0_121-b13
09-Mar-2021 17:22:37.303 정보 [main] org.apache.catalina.startup.VersionLoggerListener.log JVM 벤더:          Oracle Corporation
09-Mar-2021 17:22:37.303 정보 [main] org.apache.catalina.startup.VersionLoggerListener.log CATALINA_BASE:     D:\B_Util\5.ApacheTomcat\apache-tomcat-8.5.63
09-Mar-2021 17:22:37.303 정보 [main] org.apache.catalina.startup.VersionLoggerListener.log CATALINA_HOME:     D:\B_Util\5.ApacheTomcat\apache-tomcat-8.5.63
09-Mar-2021 17:22:37.303 정보 [main] org.apache.catalina.startup.VersionLoggerListener.log 명령 행 아규먼트:  -Djava.util.logging.config.file=D:\B_Util\5.ApacheTomcat\apache-tomcat-8.5.63\conf\logging.properties
09-Mar-2021 17:22:37.303 정보 [main] org.apache.catalina.startup.VersionLoggerListener.log 명령 행 아규먼트:  -Djava.util.logging.manager=org.apache.juli.ClassLoaderLogManager
09-Mar-2021 17:22:37.303 정보 [main] org.apache.catalina.startup.VersionLoggerListener.log 명령 행 아규먼트:  -Djdk.tls.ephemeralDHKeySize=2048
09-Mar-2021 17:22:37.303 정보 [main] org.apache.catalina.startup.VersionLoggerListener.log 명령 행 아규먼트:  -Djava.protocol.handler.pkgs=org.apache.catalina.webresources
09-Mar-2021 17:22:37.303 정보 [main] org.apache.catalina.startup.VersionLoggerListener.log 명령 행 아규먼트:  -Dignore.endorsed.dirs=
09-Mar-2021 17:22:37.303 정보 [main] org.apache.catalina.startup.VersionLoggerListener.log 명령 행 아규먼트:  -Dcatalina.base=D:\B_Util\5.ApacheTomcat\apache-tomcat-8.5.63
09-Mar-2021 17:22:37.319 정보 [main] org.apache.catalina.startup.VersionLoggerListener.log 명령 행 아규먼트:  -Dcatalina.home=D:\B_Util\5.ApacheTomcat\apache-tomcat-8.5.63
09-Mar-2021 17:22:37.319 정보 [main] org.apache.catalina.startup.VersionLoggerListener.log 명령 행 아규먼트:  -Djava.io.tmpdir=D:\B_Util\5.ApacheTomcat\apache-tomcat-8.5.63\temp
09-Mar-2021 17:22:37.319 정보 [main] org.apache.catalina.core.AprLifecycleListener.lifecycleEvent 프로덕션 환경들에서 최적의 성능을 제공하는, APR 기반 Apache Tomcat Native 라이브러리가, 다음 java.library.path에서 발견되지 않습니다: [D:\B_Util\2.Java\JDK1.8\bin;C:\WINDOWS\Sun\Java\bin;C:\WINDOWS\system32;C:\WINDOWS;D:\anaconda3;D:\anaconda3\Library\mingw-w64\bin;D:\anaconda3\Library\usr\bin;D:\anaconda3\Library\bin;D:\anaconda3\Scripts;D:\B_Util\4.Oracle\appClient;D:\B_Util\4.Oracle\app\oracle\product\11.2.0\server\bin;C:\WINDOWS\system32;C:\WINDOWS;C:\WINDOWS\System32\Wbem;C:\WINDOWS\System32\WindowsPowerShell\v1.0\;C:\WINDOWS\System32\OpenSSH\;D:\B_Util\2.Java\JDK1.8\bin;C:\Program Files\PuTTY\;C:\Program Files\TortoiseSVN\bin;C:\Users\PC-04\AppData\Local\Microsoft\WindowsApps;C:\Program Files\Bandizip\;C:\Users\PC-04\AppData\Local\Programs\Microsoft VS Code\bin;.]
09-Mar-2021 17:22:37.366 정보 [main] org.apache.coyote.AbstractProtocol.init 프로토콜 핸들러 ["http-nio-80"]을(를) 초기화합니다.
09-Mar-2021 17:22:37.483 정보 [main] org.apache.tomcat.util.net.NioSelectorPool.getSharedSelector Using a shared selector for servlet write/read
09-Mar-2021 17:22:37.498 정보 [main] org.apache.catalina.startup.Catalina.load Initialization processed in 381 ms
09-Mar-2021 17:22:37.504 정보 [main] org.apache.catalina.core.StandardService.startInternal 서비스 [Catalina]을(를) 시작합니다.
09-Mar-2021 17:22:37.504 정보 [main] org.apache.catalina.core.StandardEngine.startInternal Starting Servlet Engine: Apache Tomcat/8.5.63
09-Mar-2021 17:22:37.504 정보 [localhost-startStop-1] org.apache.catalina.startup.HostConfig.deployDirectory 웹 애플리케이션 디렉토리 [D:\B_Util\5.ApacheTomcat\apache-tomcat-8.5.63\webapps\docs]을(를) 배치합니다.
09-Mar-2021 17:22:37.620 정보 [localhost-startStop-1] org.apache.catalina.startup.HostConfig.deployDirectory 웹 애플리케이션 디렉토리 [D:\B_Util\5.ApacheTomcat\apache-tomcat-8.5.63\webapps\docs]에 대한 배치가 [116] 밀리초에 완료되었습니다.
09-Mar-2021 17:22:37.620 정보 [localhost-startStop-1] org.apache.catalina.startup.HostConfig.deployDirectory 웹 애플리케이션 디렉토리 [D:\B_Util\5.ApacheTomcat\apache-tomcat-8.5.63\webapps\examples]을(를) 배치합니다.
09-Mar-2021 17:22:37.767 정보 [localhost-startStop-1] org.apache.catalina.startup.HostConfig.deployDirectory 웹 애플리케이션 디렉토리 [D:\B_Util\5.ApacheTomcat\apache-tomcat-8.5.63\webapps\examples]에 대한 배치가 [147] 밀리초에 완료되었습니다.
09-Mar-2021 17:22:37.767 정보 [localhost-startStop-1] org.apache.catalina.startup.HostConfig.deployDirectory 웹 애플리케이션 디렉토리 [D:\B_Util\5.ApacheTomcat\apache-tomcat-8.5.63\webapps\first]을(를) 배치합니다.
09-Mar-2021 17:22:37.782 정보 [localhost-startStop-1] org.apache.catalina.startup.HostConfig.deployDirectory 웹 애플리케이션 디렉토리 [D:\B_Util\5.ApacheTomcat\apache-tomcat-8.5.63\webapps\first]에 대한 배치가 [15] 밀리초에 완료되었습니다.
09-Mar-2021 17:22:37.782 정보 [localhost-startStop-1] org.apache.catalina.startup.HostConfig.deployDirectory 웹 애플리케이션 디렉토리 [D:\B_Util\5.ApacheTomcat\apache-tomcat-8.5.63\webapps\host-manager]을(를) 배치합니다.
09-Mar-2021 17:22:37.782 정보 [localhost-startStop-1] org.apache.catalina.startup.HostConfig.deployDirectory 웹 애플리케이션 디렉토리 [D:\B_Util\5.ApacheTomcat\apache-tomcat-8.5.63\webapps\host-manager]에 대한 배치가 [0] 밀리초에 완료되었습니다.
09-Mar-2021 17:22:37.798 정보 [localhost-startStop-1] org.apache.catalina.startup.HostConfig.deployDirectory 웹 애플리케이션 디렉토리 [D:\B_Util\5.ApacheTomcat\apache-tomcat-8.5.63\webapps\manager]을(를) 배치합니다.
09-Mar-2021 17:22:37.805 정보 [localhost-startStop-1] org.apache.catalina.startup.HostConfig.deployDirectory 웹 애플리케이션 디렉토리 [D:\B_Util\5.ApacheTomcat\apache-tomcat-8.5.63\webapps\manager]에 대한 배치가 [7] 밀리초에 완료되었습니다.
09-Mar-2021 17:22:37.805 정보 [localhost-startStop-1] org.apache.catalina.startup.HostConfig.deployDirectory 웹 애플리케이션 디렉토리 [D:\B_Util\5.ApacheTomcat\apache-tomcat-8.5.63\webapps\ROOT]을(를) 배치합니다.
09-Mar-2021 17:22:37.805 정보 [localhost-startStop-1] org.apache.catalina.startup.HostConfig.deployDirectory 웹 애플리케이션 디렉토리 [D:\B_Util\5.ApacheTomcat\apache-tomcat-8.5.63\webapps\ROOT]에 대한 배치가 [0] 밀리초에 완료되었습니다.
09-Mar-2021 17:22:37.805 정보 [main] org.apache.coyote.AbstractProtocol.start 프로토콜 핸들러 ["http-nio-80"]을(를) 시작합니다.
09-Mar-2021 17:22:37.820 정보 [main] org.apache.catalina.startup.Catalina.start Server startup in 323 ms
